[debug] [2022-07-05T09:28:28.994Z] ----------------------------------------------------------------------
[debug] [2022-07-05T09:28:28.996Z] Command:       C:\Program Files\nodejs\node.exe C:\Users\Aryan raj\AppData\Roaming\npm\node_modules\firebase-tools\lib\bin\firebase.js init
[debug] [2022-07-05T09:28:28.996Z] CLI Version:   11.2.0
[debug] [2022-07-05T09:28:28.996Z] Platform:      win32
[debug] [2022-07-05T09:28:28.996Z] Node Version:  v16.14.2
[debug] [2022-07-05T09:28:28.997Z] Time:          Tue Jul 05 2022 14:58:28 GMT+0530 (India Standard Time)
[debug] [2022-07-05T09:28:28.997Z] ----------------------------------------------------------------------
[debug] 
[debug] [2022-07-05T09:28:29.051Z] > command requires scopes: ["email","openid","https://www.googleapis.com/auth/cloudplatformprojects.readonly","https://www.googleapis.com/auth/firebase","https://www.googleapis.com/auth/cloud-platform"]
[debug] [2022-07-05T09:28:29.051Z] > authorizing via signed-in user (aryanraj123outlook@gmail.com)
[info] 
     ######## #### ########  ######## ########     ###     ######  ########
     ##        ##  ##     ## ##       ##     ##  ##   ##  ##       ##
     ######    ##  ########  ######   ########  #########  ######  ######
     ##        ##  ##    ##  ##       ##     ## ##     ##       ## ##
     ##       #### ##     ## ######## ########  ##     ##  ######  ########

You're about to initialize a Firebase project in this directory:

  C:\Users\Aryan raj\OneDrive\Desktop\Linked In clone\clone

Before we get started, keep in mind:

  * You are initializing within an existing Firebase project directory

[info] 
=== Project Setup
[info] 
[info] First, let's associate this project directory with a Firebase project.
[info] You can create multiple project aliases by running firebase use --add, 
[info] but for now we'll just set up a default project.
[info] 
[debug] [2022-07-05T09:28:42.437Z] Using project from CLI flag: linkedin-clone-c7d9a
[debug] [2022-07-05T09:28:42.440Z] >>> [apiv2][query] GET https://firebase.googleapis.com/v1beta1/projects/linkedin-clone-c7d9a [none]
[debug] [2022-07-05T09:28:43.516Z] <<< [apiv2][status] GET https://firebase.googleapis.com/v1beta1/projects/linkedin-clone-c7d9a 200
[debug] [2022-07-05T09:28:43.516Z] <<< [apiv2][body] GET https://firebase.googleapis.com/v1beta1/projects/linkedin-clone-c7d9a {"projectId":"linkedin-clone-c7d9a","projectNumber":"627363734415","displayName":"LinkedIn-clone","name":"projects/linkedin-clone-c7d9a","resources":{"hostingSite":"linkedin-clone-c7d9a","storageBucket":"linkedin-clone-c7d9a.appspot.com","locationId":"us-central"},"state":"ACTIVE"}
[info] i  Using project linkedin-clone-c7d9a (LinkedIn-clone) 
[info] 
=== Hosting Setup
[info] 
[info] Your public directory is the folder (relative to your project directory) that
[info] will contain Hosting assets to be uploaded with firebase deploy. If you
[info] have a build process for your assets, use your build's output directory.
[info] 
